#-----------------------------------------------------------
# Vivado v2024.2 (64-bit)
# SW Build 5239630 on Fri Nov 08 22:34:34 MST 2024
# IP Build 5239520 on Sun Nov 10 16:12:51 MST 2024
# SharedData Build 5239561 on Fri Nov 08 14:39:27 MST 2024
# Start of session at: Mon May 26 15:36:20 2025
# Process ID         : 168210
# Current directory  : /home/matthias/fpga_projects/Fractaski-Basys3/hardware/vivado-impl/bitstream_utils/vivado-updated-runs
# Command line       : vivado -mode batch -source ../reprogram.tcl
# Log file           : /home/matthias/fpga_projects/Fractaski-Basys3/hardware/vivado-impl/bitstream_utils/vivado-updated-runs/vivado.log
# Journal file       : /home/matthias/fpga_projects/Fractaski-Basys3/hardware/vivado-impl/bitstream_utils/vivado-updated-runs/vivado.jou
# Running On         : debian
# Platform           : Debian
# Operating System   : Debian GNU/Linux 12 (bookworm)
# Processor Detail   : AMD Ryzen 5 3600 6-Core Processor
# CPU Frequency      : 1952.496 MHz
# CPU Physical cores : 6
# CPU Logical cores  : 12
# Host memory        : 16707 MB
# Swap memory        : 1022 MB
# Total Virtual      : 17730 MB
# Available Virtual  : 13708 MB
#-----------------------------------------------------------
source ../reprogram.tcl
# open_checkpoint ../../vivado-runs/post_route_physopt.dcp
Command: open_checkpoint ../../vivado-runs/post_route_physopt.dcp

Starting open_checkpoint Task

Time (s): cpu = 00:00:00.04 ; elapsed = 00:00:00.04 . Memory (MB): peak = 1461.363 ; gain = 0.000 ; free physical = 8546 ; free virtual = 12648
INFO: [Device 21-403] Loading part xc7a35tcpg236-1
Netlist sorting complete. Time (s): cpu = 00:00:00.14 ; elapsed = 00:00:00.13 . Memory (MB): peak = 1673.363 ; gain = 0.000 ; free physical = 8323 ; free virtual = 12425
INFO: [Netlist 29-17] Analyzing 1089 Unisim elements for replacement
INFO: [Netlist 29-28] Unisim Transformation completed in 0 CPU seconds
INFO: [Project 1-479] Netlist was created with Vivado 2024.2
INFO: [Project 1-570] Preparing netlist for logic optimization
Read ShapeDB Complete: Time (s): cpu = 00:00:00.03 ; elapsed = 00:00:00.04 . Memory (MB): peak = 1777.863 ; gain = 6.000 ; free physical = 8218 ; free virtual = 12320
INFO: [Timing 38-478] Restoring timing data from binary archive.
INFO: [Timing 38-479] Binary timing data restore complete.
INFO: [Project 1-856] Restoring constraints from binary archive.
INFO: [Project 1-853] Binary constraint restore complete.
INFO: [Designutils 20-5722] Start Reading Physical Databases.
Reading placement.
Read Netlist Cache: Time (s): cpu = 00:00:00 ; elapsed = 00:00:00.01 . Memory (MB): peak = 2401.348 ; gain = 0.000 ; free physical = 7663 ; free virtual = 11765
Reading placer database...
Read Device Cache: Time (s): cpu = 00:00:00.01 ; elapsed = 00:00:00 . Memory (MB): peak = 2401.348 ; gain = 0.000 ; free physical = 7663 ; free virtual = 11765
Read PlaceDB: Time (s): cpu = 00:00:00.71 ; elapsed = 00:00:00.7 . Memory (MB): peak = 2401.348 ; gain = 0.000 ; free physical = 7661 ; free virtual = 11763
Read PulsedLatchDB: Time (s): cpu = 00:00:00 ; elapsed = 00:00:00 . Memory (MB): peak = 2401.348 ; gain = 0.000 ; free physical = 7661 ; free virtual = 11763
Reading routing.
Read RouteStorage: Time (s): cpu = 00:00:00.7 ; elapsed = 00:00:00.17 . Memory (MB): peak = 2409.348 ; gain = 8.000 ; free physical = 7650 ; free virtual = 11752
Read Physdb Files: Time (s): cpu = 00:00:01 ; elapsed = 00:00:00.89 . Memory (MB): peak = 2409.348 ; gain = 8.000 ; free physical = 7650 ; free virtual = 11752
Restored from archive | CPU: 1.490000 secs | Memory: 27.134033 MB |
Finished XDEF File Restore: Time (s): cpu = 00:00:01 ; elapsed = 00:00:00.93 . Memory (MB): peak = 2409.348 ; gain = 17.906 ; free physical = 7650 ; free virtual = 11752
INFO: [Implflow 47-1266] Can not restore QoR suggestion with ID RQS_NETLIST-10-7. New suggestion ID is RQS_NETLIST-10-1.
Netlist sorting complete. Time (s): cpu = 00:00:00 ; elapsed = 00:00:00 . Memory (MB): peak = 2431.160 ; gain = 0.000 ; free physical = 7638 ; free virtual = 11740
INFO: [Project 1-111] Unisim Transformation Summary:
  A total of 736 instances were transformed.
  RAM32M => RAM32M (RAMD32(x6), RAMS32(x2)): 32 instances
  RAM64M => RAM64M (RAMD64E(x4)): 704 instances

INFO: [Project 1-604] Checkpoint was created with Vivado v2024.2 (64-bit) build 5239630
open_checkpoint: Time (s): cpu = 00:00:19 ; elapsed = 00:00:18 . Memory (MB): peak = 2431.160 ; gain = 969.797 ; free physical = 7638 ; free virtual = 11740
# set_param tcl.collectionResultDisplayLimit 1024
# set outputDir ../$env(RUN_DIR)
# set bram_instances [split [get_cells -hierarchical -filter { NAME=~ *instr_and_data_mem/RAM_reg }] " "]
# set xy_locations [split [get_property LOC [get_cells -hierarchical -filter { PRIMITIVE_TYPE=~ *bram.RAMB36* }]] " "]
# set fileName $env(HEX_PROG_NAME).inst
# set fp [open $fileName "r"]
# set fileContent [read $fp]
# close $fp
# set wordList {}
# foreach line [split $fileContent "\n"] {
#     set trimmed [string trim $line]
#     if {$trimmed ne ""} {
#         lappend wordList $trimmed
#     }
# }
# set formattedWords {}
# foreach word $wordList {
#     #set word [format "%08x" [expr {$word}]]  ;# Ensure 8-digit hex format
#     lappend formattedWords $word
# }
# set numBram 64
# set wordsPerBram 1024
# set numGroups [expr {$wordsPerBram / 8}]
# set final_string {}
# for {set group 0} {$group < $numGroups} {incr group} {
#     set start [expr {$group * 8}]
#     set groupWords {}
#     # Organize words from left (highest index) to right (lowest index)
#     # That is, for each group, the leftmost word is word[start+7] and rightmost is word[start]
#     for {set i 7} {$i >= 0} {incr i -1} {
#         lappend groupWords [lindex $formattedWords [expr {$start + $i}]]
#     }
#     # Concatenate the eight words into one long string
#     set concatenated [join $groupWords ""]
#     # Prepend "256'h" to the sequence
#     lappend finalString "256'h$concatenated"
#     #puts $finalString
# }
# puts $finalString
256'h01c383b3006e1e130063939300357e1300357393ff82829300001297f1402573 256'h0000081300000893000007930205c6630205426300100f930c8000ef40728133 256'h40b005b3fd9ff06ffff00f9340a005330480006f0200031301f00e9300155f13 256'h00e808330116be3300d886b300f516b300ef573340fe8733fd1ff06f41f00fb3 256'hfe078713fe0708e30015f71302678063001787930015d593010e083300068893 256'h0008051300f858330007ca63fe060793fc9ff06f0000069300e51733fc0744e3 256'h0107e83300c8d83300f817b340c787b301f007930018181300008067020fc263 256'h07212023069122230681242306112623f90101130000806741000533fddff06f 256'h05a120230591222305812423057126230561282305512a2305412c2305312e23 256'h00d9f9b3000306b700e5199300d4e4b3000046b700a714930035771303b12e23 256'h01478793000087b70027171300f989b300e7179300f9e9b31807f79300351793 256'h01000b93fffe8ab718000b1344048d1300000693000005930010061300f70433 256'h0006891300f12a2300878793000087b700f1282305478793000087b700040c37 256'h000d891312c0006f000d059300058a130004061300060d930004899300098693 256'h0009851300098593000b861300050d93e5dff0ef0009051300090593000b8613 256'h00098593000b861300fd8db30081278340ad8db302fc4c6300ad87b3e49ff0ef 256'hfafc90e310000793001c8c9300f989b300c1278300151993e25ff0ef00090513 256'h1ff9f513000b059300000613014409b303a40c6300140413019400230ffcfc93 256'h00000c93015509b3dd5ff0ef0099d513000b05930000061301550933de9ff0ef 256'hfb5ff06f02c12623fc0d0413009d08631c0a0a13040d0d1302c12603f61ff06f 256'h08f906630b3007930004859302812a0302412d830201268301c1298301812903 256'h0101270300f78793ff17f79340f007b30017b793001df79301b6202300190913 256'h0007a783000087b7001a4a13001dcd9301b7a02301412783fef71ce300072703 256'h00f126232d07a78300e124230007a70300a787b30029151340000793fefa1ce3 256'h00040a130341242303b1222302d1202301312e2301212c234136843304098d13 256'h00000000000000000000000000000000f79ff06f00000913f51ff06f00058493 256'h0000000000000000000000000000000000000000000000000000000000000000 256'h0000000000000000000000000000000000000000000000000000000000000000 256'h0000000000000000000000000000000000000000000000000000000000000000 256'h0000000000000000000000000000000000000000000000000000000000000000 256'h0000000000000000000000000000000000000000000000000000000000000000 256'h0000000000000000000000000000000000000000000000000000000000000000 256'h0000c3dc0000c5720000c6ca0000c7e40000c8c00000c95d0000c9bc0000c9db 256'h0000aed00000b23a0000b56d0000b8680000bb280000bdaf0000bffa0000c209 256'h00008c39000091340000960200009aa100009f110000a34e0000a7590000ab2f 256'h00005ec4000064ee00006af8000070e0000076a600007c46000081c000008711 256'h000029f8000030d5000037a400003e600000450a00004b9e0000521a0000587d 256'hfffff1ebfffff8f5000000000000070b00000e150000151a00001c180000230d 256'hffffbaf6ffffc1a0ffffc85cffffcf2bffffd608ffffdcf3ffffe3e8ffffeae6 256'hffff895affff8f20ffff9508ffff9b12ffffa13cffffa783ffffade6ffffb462 256'hffff60efffff655fffff69feffff6eccffff73c7ffff78efffff7e40ffff83ba 256'hffff44d8ffff4798ffff4a93ffff4dc6ffff5130ffff54d1ffff58a7ffff5cb2 256'hffff3740ffff381cffff3936ffff3a8effff3c24ffff3df7ffff4006ffff4251 256'hffff3936ffff381cffff3740ffff36a3ffff3644ffff3625ffff3644ffff36a3 256'hffff4a93ffff4798ffff44d8ffff4251ffff4006ffff3df7ffff3c24ffff3a8e 256'hffff69feffff655fffff60efffff5cb2ffff58a7ffff54d1ffff5130ffff4dc6 256'hffff9508ffff8f20ffff895affff83baffff7e40ffff78efffff73c7ffff6ecc 256'hffffc85cffffc1a0ffffbaf6ffffb462ffffade6ffffa783ffffa13cffff9b12 256'h00000000fffff8f5fffff1ebffffeae6ffffe3e8ffffdcf3ffffd608ffffcf2b 256'h000037a4000030d5000029f80000230d00001c180000151a00000e150000070b 256'h00006af8000064ee00005ec40000587d0000521a00004b9e0000450a00003e60 256'h000096020000913400008c3900008711000081c000007c46000076a6000070e0 256'h0000b56d0000b23a0000aed00000ab2f0000a7590000a34e00009f1100009aa1 256'h0000c6ca0000c5720000c3dc0000c2090000bffa0000bdaf0000bb280000b868 256'h0000151a00000e150000070b000000000000c9bc0000c95d0000c8c00000c7e4 256'h00004b9e0000450a00003e60000037a4000030d5000029f80000230d00001c18 256'h00007c46000076a6000070e000006af8000064ee00005ec40000587d0000521a 256'h0000a34e00009f1100009aa1000096020000913400008c3900008711000081c0 256'h0000bdaf0000bb280000b8680000b56d0000b23a0000aed00000ab2f0000a759 256'h0000c95d0000c8c00000c7e40000c6ca0000c5720000c3dc0000c2090000bffa 256'h0000c5720000c6ca0000c7e40000c8c00000c95d0000c9bc0000c9db0000c9bc 256'h0000b23a0000b56d0000b8680000bb280000bdaf0000bffa0000c2090000c3dc 256'h000091340000960200009aa100009f110000a34e0000a7590000ab2f0000aed0 256'h000064ee00006af8000070e0000076a600007c46000081c00000871100008c39 256'h000030d5000037a400003e600000450a00004b9e0000521a0000587d00005ec4 256'hfffff8f5000000000000070b00000e150000151a00001c180000230d000029f8 256'hffffc1a0ffffc85cffffcf2bffffd608ffffdcf3ffffe3e8ffffeae6fffff1eb 256'hffff8f20ffff9508ffff9b12ffffa13cffffa783ffffade6ffffb462ffffbaf6 256'hffff655fffff69feffff6eccffff73c7ffff78efffff7e40ffff83baffff895a 256'hffff4798ffff4a93ffff4dc6ffff5130ffff54d1ffff58a7ffff5cb2ffff60ef 256'hffff381cffff3936ffff3a8effff3c24ffff3df7ffff4006ffff4251ffff44d8 256'hffff381cffff3740ffff36a3ffff3644ffff3625ffff3644ffff36a3ffff3740 256'hffff4798ffff44d8ffff4251ffff4006ffff3df7ffff3c24ffff3a8effff3936 256'hffff655fffff60efffff5cb2ffff58a7ffff54d1ffff5130ffff4dc6ffff4a93 256'hffff8f20ffff895affff83baffff7e40ffff78efffff73c7ffff6eccffff69fe 256'hffffc1a0ffffbaf6ffffb462ffffade6ffffa783ffffa13cffff9b12ffff9508 256'hfffff8f5fffff1ebffffeae6ffffe3e8ffffdcf3ffffd608ffffcf2bffffc85c 256'h0000000000000000000000000000000000000000000000000000000000000000 256'h0000000000000000000000000000000000000000000000000000000000000000 256'h0000000000000000000000000000000000000000000000000000000000000000 256'h0000000000000000000000000000000000000000000000000000000000000000 256'h0000000000000000000000000000000000000000000000000000000000000000 256'h0000000000000000000000000000000000000000000000000000000000000000 256'h0000000000000000000000000000000000000000000000000000000000000000 256'h0000000000000000000000000000000000000000000000000000000000000000 256'h0000000000000000000000000000000000000000000000000000000000000000 256'h0000000000000000000000000000000000000000000000000000000000000000 256'h0000000000000000000000000000000000000000000000000000000000000000 256'h0000000000000000000000000000000000000000000000000000000000000000 256'h0000000000000000000000000000000000000000000000000000000000000000 256'h0000000000000000000000000000000000000000000000000000000000000000 256'h0000000000000000000000000000000000000000000000000000000000000000 256'h0000000000000000000000000000000000000000000000000000000000000000 256'h0000000000000000000000000000000000000000000000000000000000000000 256'h0000000000000000000000000000000000000000000000000000000000000000 256'h0000000000000000000000000000000000000000000000000000000000000000 256'h0000000000000000000000000000000000000000000000000000000000000000 256'h0000000000000000000000000000000000000000000000000000000000000000 256'h0000000000000000000000000000000000000000000000000000000000000000 256'h0000000000000000000000000000000000000000000000000000000000000000 256'h0000000000000000000000000000000000000000000000000000000000000000 256'h0000000000000000000000000000000000000000000000000000000000000000 256'h0000000000000000000000000000000000000000000000000000000000000000 256'h0000000000000000000000000000000000000000000000000000000000000000 256'h0000000000000000000000000000000000000000000000000000000000000000 256'h0000000000000000000000000000000000000000000000000000000000000000 256'h0000000000000000000000000000000000000000000000000000000000000000 256'h0000000000000000000000000000000000000000000000000000000000000000 256'h0000000000000000000000000000000000000000000000000000000000000000 256'h0000000000000000000000000000000000000000000000000000000000000000 256'h0000000000000000000000000000000000000000000000000000000000000000 256'h0000000000000000000000000000000000000000000000000000000000000000 256'h0000000000000000000000000000000000000000000000000000000000000000 256'h0000000000000000000000000000000000000000000000000000000000000000 256'h0000000000000000000000000000000000000000000000000000000000000000 256'h0000000000000000000000000000000000000000000000000000000000000000 256'h0000000000000000000000000000000000000000000000000000000000000000 256'h0000000000000000000000000000000000000000000000000000000000000000 256'h0000000000000000000000000000000000000000000000000000000000000000 256'h0000000000000000000000000000000000000000000000000000000000000000 256'h0000000000000000000000000000000000000000000000000000000000000000 256'h0000000000000000000000000000000000000000000000000000000000000000 256'h0000000000000000000000000000000000000000000000000000000000000000 256'h0000000000000000000000000000000000000000000000000000000000000000 256'h0000000000000000000000000000000000000000000000000000000000000000 256'h0000000000000000000000000000000000000000000000000000000000000000 256'h0000000000000000000000000000000000000000000000000000000000000000 256'h0000000000000000000000000000000000000000000000000000000000000000
# for {set b 0} {$b < $numBram} {incr b} {
#     set bram_name [lindex $bram_instances $b]
#     set xy_location [lindex $xy_locations $b]
# 
#     # Apply the INIT_xx properties
#     for {set i 0} {$i < 128} {incr i} {
#         set initProp [format "INIT_%02X" $i]
#         set initVal [lindex $finalString $i]
#         #set_property $initProp $initVal $bram_cell
#         set_property $initProp $initVal [get_cells $bram_name]
#     }
# }
WARNING: [Vivado 12-180] No cells matched ''.
ERROR: [Common 17-55] 'set_property' expects at least one object.
Resolution: If [get_<value>] was used to populate the object, check to make sure this command returns at least one valid object.
INFO: [Common 17-206] Exiting Vivado at Mon May 26 15:36:42 2025...
